running egg_info
creating ../build/joy_communication/joy_communication.egg-info
writing ../build/joy_communication/joy_communication.egg-info/PKG-INFO
writing dependency_links to ../build/joy_communication/joy_communication.egg-info/dependency_links.txt
writing entry points to ../build/joy_communication/joy_communication.egg-info/entry_points.txt
writing requirements to ../build/joy_communication/joy_communication.egg-info/requires.txt
writing top-level names to ../build/joy_communication/joy_communication.egg-info/top_level.txt
writing manifest file '../build/joy_communication/joy_communication.egg-info/SOURCES.txt'
reading manifest file '../build/joy_communication/joy_communication.egg-info/SOURCES.txt'
writing manifest file '../build/joy_communication/joy_communication.egg-info/SOURCES.txt'
running build
running build_py
creating /home/tunotuno/2025_kansaiharu_ws/build/joy_communication/build
creating /home/tunotuno/2025_kansaiharu_ws/build/joy_communication/build/lib
creating /home/tunotuno/2025_kansaiharu_ws/build/joy_communication/build/lib/joy_communication
copying joy_communication/__init__.py -> /home/tunotuno/2025_kansaiharu_ws/build/joy_communication/build/lib/joy_communication
running install
running install_lib
creating /home/tunotuno/2025_kansaiharu_ws/install/joy_communication/lib/python3.10/site-packages/joy_communication
copying /home/tunotuno/2025_kansaiharu_ws/build/joy_communication/build/lib/joy_communication/__init__.py -> /home/tunotuno/2025_kansaiharu_ws/install/joy_communication/lib/python3.10/site-packages/joy_communication
byte-compiling /home/tunotuno/2025_kansaiharu_ws/install/joy_communication/lib/python3.10/site-packages/joy_communication/__init__.py to __init__.cpython-310.pyc
running install_data
creating /home/tunotuno/2025_kansaiharu_ws/install/joy_communication/share
creating /home/tunotuno/2025_kansaiharu_ws/install/joy_communication/share/ament_index
creating /home/tunotuno/2025_kansaiharu_ws/install/joy_communication/share/ament_index/resource_index
creating /home/tunotuno/2025_kansaiharu_ws/install/joy_communication/share/ament_index/resource_index/packages
copying resource/joy_communication -> /home/tunotuno/2025_kansaiharu_ws/install/joy_communication/share/ament_index/resource_index/packages
creating /home/tunotuno/2025_kansaiharu_ws/install/joy_communication/share/joy_communication
copying package.xml -> /home/tunotuno/2025_kansaiharu_ws/install/joy_communication/share/joy_communication
running install_egg_info
Copying ../build/joy_communication/joy_communication.egg-info to /home/tunotuno/2025_kansaiharu_ws/install/joy_communication/lib/python3.10/site-packages/joy_communication-0.0.0-py3.10.egg-info
running install_scripts
writing list of installed files to '/home/tunotuno/2025_kansaiharu_ws/build/joy_communication/install.log'
