[0.270s] DEBUG:colcon:Command line arguments: ['/usr/bin/colcon', 'build']
[0.270s] DEBUG:colcon:Parsed command line arguments: Namespace(log_base=None, log_level=None, verb_name='build', build_base='build', install_base='install', merge_install=False, symlink_install=False, test_result_base=None, continue_on_error=False, executor='parallel', parallel_workers=7, event_handlers=None, ignore_user_meta=False, metas=['./colcon.meta'], base_paths=['.'], packages_ignore=None, packages_ignore_regex=None, paths=None, packages_up_to=None, packages_up_to_regex=None, packages_above=None, packages_above_and_dependencies=None, packages_above_depth=None, packages_select_by_dep=None, packages_skip_by_dep=None, packages_skip_up_to=None, packages_select_build_failed=False, packages_skip_build_finished=False, packages_select_test_failures=False, packages_skip_test_passed=False, packages_select=None, packages_skip=None, packages_select_regex=None, packages_skip_regex=None, packages_start=None, packages_end=None, allow_overriding=[], cmake_args=None, cmake_target=None, cmake_target_skip_unavailable=False, cmake_clean_cache=False, cmake_clean_first=False, cmake_force_configure=False, ament_cmake_args=None, catkin_cmake_args=None, catkin_skip_building_tests=False, verb_parser=<colcon_defaults.argument_parser.defaults.DefaultArgumentsDecorator object at 0x7bb8d5cfbdc0>, verb_extension=<colcon_core.verb.build.BuildVerb object at 0x7bb8d5cfb8b0>, main=<bound method BuildVerb.main of <colcon_core.verb.build.BuildVerb object at 0x7bb8d5cfb8b0>>)
[0.621s] Level 1:colcon.colcon_core.package_discovery:discover_packages(colcon_meta) check parameters
[0.621s] Level 1:colcon.colcon_core.package_discovery:discover_packages(recursive) check parameters
[0.622s] Level 1:colcon.colcon_core.package_discovery:discover_packages(ignore) check parameters
[0.622s] Level 1:colcon.colcon_core.package_discovery:discover_packages(path) check parameters
[0.622s] Level 1:colcon.colcon_core.package_discovery:discover_packages(colcon_meta) discover
[0.622s] Level 1:colcon.colcon_core.package_discovery:discover_packages(recursive) discover
[0.622s] INFO:colcon.colcon_core.package_discovery:Crawling recursively for packages in '/home/tunotuno/2025_kansaiharu_ws'
[0.622s] Level 1:colcon.colcon_core.package_identification:_identify(.) by extensions ['ignore', 'ignore_ament_install']
[0.622s] Level 1:colcon.colcon_core.package_identification:_identify(.) by extension 'ignore'
[0.622s] Level 1:colcon.colcon_core.package_identification:_identify(.) by extension 'ignore_ament_install'
[0.622s] Level 1:colcon.colcon_core.package_identification:_identify(.) by extensions ['colcon_pkg']
[0.622s] Level 1:colcon.colcon_core.package_identification:_identify(.) by extension 'colcon_pkg'
[0.622s] Level 1:colcon.colcon_core.package_identification:_identify(.) by extensions ['colcon_meta']
[0.622s] Level 1:colcon.colcon_core.package_identification:_identify(.) by extension 'colcon_meta'
[0.622s] Level 1:colcon.colcon_core.package_identification:_identify(.) by extensions ['ros']
[0.622s] Level 1:colcon.colcon_core.package_identification:_identify(.) by extension 'ros'
[0.642s] Level 1:colcon.colcon_core.package_identification:_identify(.) by extensions ['cmake', 'python']
[0.643s] Level 1:colcon.colcon_core.package_identification:_identify(.) by extension 'cmake'
[0.643s] Level 1:colcon.colcon_core.package_identification:_identify(.) by extension 'python'
[0.643s] Level 1:colcon.colcon_core.package_identification:_identify(.) by extensions ['python_setup_py']
[0.643s] Level 1:colcon.colcon_core.package_identification:_identify(.) by extension 'python_setup_py'
[0.643s] Level 1:colcon.colcon_core.package_identification:_identify(build) by extensions ['ignore', 'ignore_ament_install']
[0.643s] Level 1:colcon.colcon_core.package_identification:_identify(build) by extension 'ignore'
[0.643s] Level 1:colcon.colcon_core.package_identification:_identify(build) ignored
[0.643s] Level 1:colcon.colcon_core.package_identification:_identify(install) by extensions ['ignore', 'ignore_ament_install']
[0.643s] Level 1:colcon.colcon_core.package_identification:_identify(install) by extension 'ignore'
[0.643s] Level 1:colcon.colcon_core.package_identification:_identify(install) ignored
[0.643s] Level 1:colcon.colcon_core.package_identification:_identify(joy_communication) by extensions ['ignore', 'ignore_ament_install']
[0.644s] Level 1:colcon.colcon_core.package_identification:_identify(joy_communication) by extension 'ignore'
[0.644s] Level 1:colcon.colcon_core.package_identification:_identify(joy_communication) by extension 'ignore_ament_install'
[0.644s] Level 1:colcon.colcon_core.package_identification:_identify(joy_communication) by extensions ['colcon_pkg']
[0.644s] Level 1:colcon.colcon_core.package_identification:_identify(joy_communication) by extension 'colcon_pkg'
[0.644s] Level 1:colcon.colcon_core.package_identification:_identify(joy_communication) by extensions ['colcon_meta']
[0.644s] Level 1:colcon.colcon_core.package_identification:_identify(joy_communication) by extension 'colcon_meta'
[0.644s] Level 1:colcon.colcon_core.package_identification:_identify(joy_communication) by extensions ['ros']
[0.644s] Level 1:colcon.colcon_core.package_identification:_identify(joy_communication) by extension 'ros'
[0.651s] DEBUG:colcon.colcon_core.package_identification:Found ROS schema reference in package manifest in 'joy_communication'
[0.651s] WARNING:colcon.colcon_core.package_identification:Failed to parse ROS package manifest in 'joy_communication': Error(s) in package 'joy_communication/package.xml':
Invalid email "tunoda0226" for person "tunotuno"
[0.652s] Level 1:colcon.colcon_core.package_identification:_identify(joy_communication) by extensions ['cmake', 'python']
[0.652s] Level 1:colcon.colcon_core.package_identification:_identify(joy_communication) by extension 'cmake'
[0.652s] Level 1:colcon.colcon_core.package_identification:_identify(joy_communication) by extension 'python'
[0.652s] DEBUG:colcon.colcon_core.package_identification:Python package in 'joy_communication' passes arguments to the setup() function which requires a different identification extension than 'python'
[0.652s] Level 1:colcon.colcon_core.package_identification:_identify(joy_communication) by extensions ['python_setup_py']
[0.652s] Level 1:colcon.colcon_core.package_identification:_identify(joy_communication) by extension 'python_setup_py'
[0.930s] DEBUG:colcon.colcon_core.package_identification:Package 'joy_communication' with type 'python' and name 'joy_communication'
[0.930s] Level 1:colcon.colcon_core.package_identification:_identify(log) by extensions ['ignore', 'ignore_ament_install']
[0.930s] Level 1:colcon.colcon_core.package_identification:_identify(log) by extension 'ignore'
[0.930s] Level 1:colcon.colcon_core.package_identification:_identify(log) ignored
[0.930s] Level 1:colcon.colcon_core.package_discovery:discover_packages(recursive) using defaults
[0.930s] Level 1:colcon.colcon_core.package_discovery:discover_packages(ignore) discover
[0.930s] Level 1:colcon.colcon_core.package_discovery:discover_packages(ignore) using defaults
[0.930s] Level 1:colcon.colcon_core.package_discovery:discover_packages(path) discover
[0.930s] Level 1:colcon.colcon_core.package_discovery:discover_packages(path) using defaults
[0.969s] Level 1:colcon.colcon_core.package_discovery:discover_packages(prefix_path) check parameters
[0.969s] Level 1:colcon.colcon_core.package_discovery:discover_packages(prefix_path) discover
[0.975s] DEBUG:colcon.colcon_installed_package_information.package_discovery:Found 278 installed packages in /opt/ros/humble
[0.978s] Level 1:colcon.colcon_core.package_discovery:discover_packages(prefix_path) using defaults
[1.041s] Level 5:colcon.colcon_core.verb:set package 'joy_communication' build argument 'cmake_args' from command line to 'None'
[1.042s] Level 5:colcon.colcon_core.verb:set package 'joy_communication' build argument 'cmake_target' from command line to 'None'
[1.042s] Level 5:colcon.colcon_core.verb:set package 'joy_communication' build argument 'cmake_target_skip_unavailable' from command line to 'False'
[1.042s] Level 5:colcon.colcon_core.verb:set package 'joy_communication' build argument 'cmake_clean_cache' from command line to 'False'
[1.042s] Level 5:colcon.colcon_core.verb:set package 'joy_communication' build argument 'cmake_clean_first' from command line to 'False'
[1.042s] Level 5:colcon.colcon_core.verb:set package 'joy_communication' build argument 'cmake_force_configure' from command line to 'False'
[1.042s] Level 5:colcon.colcon_core.verb:set package 'joy_communication' build argument 'ament_cmake_args' from command line to 'None'
[1.042s] Level 5:colcon.colcon_core.verb:set package 'joy_communication' build argument 'catkin_cmake_args' from command line to 'None'
[1.042s] Level 5:colcon.colcon_core.verb:set package 'joy_communication' build argument 'catkin_skip_building_tests' from command line to 'False'
[1.042s] DEBUG:colcon.colcon_core.verb:Building package 'joy_communication' with the following arguments: {'ament_cmake_args': None, 'build_base': '/home/tunotuno/2025_kansaiharu_ws/build/joy_communication', 'catkin_cmake_args': None, 'catkin_skip_building_tests': False, 'cmake_args': None, 'cmake_clean_cache': False, 'cmake_clean_first': False, 'cmake_force_configure': False, 'cmake_target': None, 'cmake_target_skip_unavailable': False, 'install_base': '/home/tunotuno/2025_kansaiharu_ws/install/joy_communication', 'merge_install': False, 'path': '/home/tunotuno/2025_kansaiharu_ws/joy_communication', 'symlink_install': False, 'test_result_base': None}
[1.042s] INFO:colcon.colcon_core.executor:Executing jobs using 'parallel' executor
[1.044s] DEBUG:colcon.colcon_parallel_executor.executor.parallel:run_until_complete
[1.044s] INFO:colcon.colcon_core.task.python.build:Building Python package in '/home/tunotuno/2025_kansaiharu_ws/joy_communication'
[1.057s] INFO:colcon.colcon_core.plugin_system:Skipping extension 'colcon_core.shell.bat': Not used on non-Windows systems
[1.058s] INFO:colcon.colcon_core.shell:Skip shell extension 'powershell' for command environment: Not usable outside of PowerShell
[1.058s] DEBUG:colcon.colcon_core.shell:Skip shell extension 'dsv' for command environment
[1.785s] DEBUG:colcon.colcon_core.event_handler.log_command:Invoking command in '/home/tunotuno/2025_kansaiharu_ws/joy_communication': PYTHONPATH=/home/tunotuno/2025_kansaiharu_ws/build/joy_communication/prefix_override:/usr/lib/python3/dist-packages/colcon_core/task/python/colcon_distutils_commands:/home/tunotuno/2025_kansaiharu_ws/install/joy_communication/lib/python3.10/site-packages:${PYTHONPATH} /usr/bin/python3 -W ignore:setup.py install is deprecated -W ignore:easy_install command is deprecated setup.py egg_info --egg-base ../build/joy_communication build --build-base /home/tunotuno/2025_kansaiharu_ws/build/joy_communication/build install --record /home/tunotuno/2025_kansaiharu_ws/build/joy_communication/install.log --single-version-externally-managed install_data
[2.116s] DEBUG:colcon.colcon_core.event_handler.log_command:Invoked command in '/home/tunotuno/2025_kansaiharu_ws/joy_communication' returned '0': PYTHONPATH=/home/tunotuno/2025_kansaiharu_ws/build/joy_communication/prefix_override:/usr/lib/python3/dist-packages/colcon_core/task/python/colcon_distutils_commands:/home/tunotuno/2025_kansaiharu_ws/install/joy_communication/lib/python3.10/site-packages:${PYTHONPATH} /usr/bin/python3 -W ignore:setup.py install is deprecated -W ignore:easy_install command is deprecated setup.py egg_info --egg-base ../build/joy_communication build --build-base /home/tunotuno/2025_kansaiharu_ws/build/joy_communication/build install --record /home/tunotuno/2025_kansaiharu_ws/build/joy_communication/install.log --single-version-externally-managed install_data
[2.130s] Level 1:colcon.colcon_core.environment:checking '/home/tunotuno/2025_kansaiharu_ws/install/joy_communication' for CMake module files
[2.131s] Level 1:colcon.colcon_core.environment:checking '/home/tunotuno/2025_kansaiharu_ws/install/joy_communication' for CMake config files
[2.131s] Level 1:colcon.colcon_core.environment:checking '/home/tunotuno/2025_kansaiharu_ws/install/joy_communication/lib'
[2.132s] Level 1:colcon.colcon_core.environment:checking '/home/tunotuno/2025_kansaiharu_ws/install/joy_communication/bin'
[2.132s] Level 1:colcon.colcon_core.environment:checking '/home/tunotuno/2025_kansaiharu_ws/install/joy_communication/lib/pkgconfig/joy_communication.pc'
[2.132s] Level 1:colcon.colcon_core.environment:checking '/home/tunotuno/2025_kansaiharu_ws/install/joy_communication/lib/python3.10/site-packages'
[2.132s] Level 1:colcon.colcon_core.shell:create_environment_hook('joy_communication', 'pythonpath')
[2.132s] INFO:colcon.colcon_core.shell:Creating environment hook '/home/tunotuno/2025_kansaiharu_ws/install/joy_communication/share/joy_communication/hook/pythonpath.ps1'
[2.138s] INFO:colcon.colcon_core.shell:Creating environment descriptor '/home/tunotuno/2025_kansaiharu_ws/install/joy_communication/share/joy_communication/hook/pythonpath.dsv'
[2.139s] INFO:colcon.colcon_core.shell:Creating environment hook '/home/tunotuno/2025_kansaiharu_ws/install/joy_communication/share/joy_communication/hook/pythonpath.sh'
[2.141s] Level 1:colcon.colcon_core.environment:checking '/home/tunotuno/2025_kansaiharu_ws/install/joy_communication/bin'
[2.141s] Level 1:colcon.colcon_core.environment:create_environment_scripts_only(joy_communication)
[2.141s] INFO:colcon.colcon_core.shell:Creating package script '/home/tunotuno/2025_kansaiharu_ws/install/joy_communication/share/joy_communication/package.ps1'
[2.143s] INFO:colcon.colcon_core.shell:Creating package descriptor '/home/tunotuno/2025_kansaiharu_ws/install/joy_communication/share/joy_communication/package.dsv'
[2.144s] INFO:colcon.colcon_core.shell:Creating package script '/home/tunotuno/2025_kansaiharu_ws/install/joy_communication/share/joy_communication/package.sh'
[2.146s] INFO:colcon.colcon_core.shell:Creating package script '/home/tunotuno/2025_kansaiharu_ws/install/joy_communication/share/joy_communication/package.bash'
[2.148s] INFO:colcon.colcon_core.shell:Creating package script '/home/tunotuno/2025_kansaiharu_ws/install/joy_communication/share/joy_communication/package.zsh'
[2.150s] Level 1:colcon.colcon_core.environment:create_file_with_runtime_dependencies(/home/tunotuno/2025_kansaiharu_ws/install/joy_communication/share/colcon-core/packages/joy_communication)
[2.151s] DEBUG:colcon.colcon_parallel_executor.executor.parallel:closing loop
[2.151s] DEBUG:colcon.colcon_parallel_executor.executor.parallel:loop closed
[2.151s] DEBUG:colcon.colcon_parallel_executor.executor.parallel:run_until_complete finished with '0'
[2.152s] DEBUG:colcon.colcon_core.event_reactor:joining thread
[2.159s] INFO:colcon.colcon_core.plugin_system:Skipping extension 'colcon_notification.desktop_notification.terminal_notifier': Not used on non-Darwin systems
[2.160s] INFO:colcon.colcon_core.plugin_system:Skipping extension 'colcon_notification.desktop_notification.win32': Not used on non-Windows systems
[2.160s] INFO:colcon.colcon_notification.desktop_notification:Sending desktop notification using 'notify2'
[2.195s] DEBUG:colcon.colcon_core.event_reactor:joined thread
[2.196s] INFO:colcon.colcon_core.shell:Creating prefix script '/home/tunotuno/2025_kansaiharu_ws/install/local_setup.ps1'
[2.198s] INFO:colcon.colcon_core.shell:Creating prefix util module '/home/tunotuno/2025_kansaiharu_ws/install/_local_setup_util_ps1.py'
[2.201s] INFO:colcon.colcon_core.shell:Creating prefix chain script '/home/tunotuno/2025_kansaiharu_ws/install/setup.ps1'
[2.203s] INFO:colcon.colcon_core.shell:Creating prefix script '/home/tunotuno/2025_kansaiharu_ws/install/local_setup.sh'
[2.207s] INFO:colcon.colcon_core.shell:Creating prefix util module '/home/tunotuno/2025_kansaiharu_ws/install/_local_setup_util_sh.py'
[2.207s] INFO:colcon.colcon_core.shell:Creating prefix chain script '/home/tunotuno/2025_kansaiharu_ws/install/setup.sh'
[2.210s] INFO:colcon.colcon_core.shell:Creating prefix script '/home/tunotuno/2025_kansaiharu_ws/install/local_setup.bash'
[2.211s] INFO:colcon.colcon_core.shell:Creating prefix chain script '/home/tunotuno/2025_kansaiharu_ws/install/setup.bash'
[2.212s] INFO:colcon.colcon_core.shell:Creating prefix script '/home/tunotuno/2025_kansaiharu_ws/install/local_setup.zsh'
[2.213s] INFO:colcon.colcon_core.shell:Creating prefix chain script '/home/tunotuno/2025_kansaiharu_ws/install/setup.zsh'
