[0.010s] Invoking command in '/home/tunotuno/robocon_ws/src/joy_package/build/joy_package': /usr/bin/cmake /home/tunotuno/robocon_ws/src/joy_package -DCMAKE_INSTALL_PREFIX=/home/tunotuno/robocon_ws/src/joy_package/install/joy_package
[0.022s] -- Found ament_cmake: 1.3.11 (/opt/ros/humble/share/ament_cmake/cmake)
[0.116s] -- Found rclcpp: 16.0.11 (/opt/ros/humble/share/rclcpp/cmake)
[0.140s] -- Found rosidl_generator_c: 3.1.6 (/opt/ros/humble/share/rosidl_generator_c/cmake)
[0.140s] -- Found rosidl_adapter: 3.1.6 (/opt/ros/humble/share/rosidl_adapter/cmake)
[0.144s] -- Found rosidl_generator_cpp: 3.1.6 (/opt/ros/humble/share/rosidl_generator_cpp/cmake)
[0.152s] -- Using all available rosidl_typesupport_c: rosidl_typesupport_fastrtps_c;rosidl_typesupport_introspection_c
[0.163s] -- Using all available rosidl_typesupport_cpp: rosidl_typesupport_fastrtps_cpp;rosidl_typesupport_introspection_cpp
[0.188s] -- Found rmw_implementation_cmake: 6.1.2 (/opt/ros/humble/share/rmw_implementation_cmake/cmake)
[0.189s] -- Found rmw_fastrtps_cpp: 6.2.7 (/opt/ros/humble/share/rmw_fastrtps_cpp/cmake)
[0.273s] -- Using RMW implementation 'rmw_fastrtps_cpp' as default
[0.310s] -- Found sensor_msgs: 4.2.4 (/opt/ros/humble/share/sensor_msgs/cmake)
[0.335s] -- Found ament_lint_auto: 0.12.11 (/opt/ros/humble/share/ament_lint_auto/cmake)
[0.378s] Error parsing '/home/tunotuno/robocon_ws/src/joy_package/package.xml':
[0.411s] Traceback (most recent call last):
[0.411s]   File "/opt/ros/humble/share/ament_cmake_core/cmake/core/package_xml_2_cmake.py", line 150, in <module>
[0.411s]     main()
[0.411s]   File "/opt/ros/humble/share/ament_cmake_core/cmake/core/package_xml_2_cmake.py", line 53, in main
[0.411s]     raise e
[0.412s]   File "/opt/ros/humble/share/ament_cmake_core/cmake/core/package_xml_2_cmake.py", line 49, in main
[0.412s]     package = parse_package_string(
[0.412s]   File "/usr/lib/python3/dist-packages/catkin_pkg/package.py", line 788, in parse_package_string
[0.412s]     pkg.validate(warnings=warnings)
[0.412s]   File "/usr/lib/python3/dist-packages/catkin_pkg/package.py", line 330, in validate
[0.412s]     raise InvalidPackage('\n'.join(errors), self.filename)
[0.412s] catkin_pkg.package.InvalidPackage: Error(s) in package '/home/tunotuno/robocon_ws/src/joy_package/package.xml':
[0.412s] Invalid email "tunoda0226" for person "tunotuno"
[0.427s] [31mCMake Error at /opt/ros/humble/share/ament_cmake_core/cmake/core/ament_package_xml.cmake:95 (message):
[0.428s]   execute_process(/usr/bin/python3
[0.428s]   /opt/ros/humble/share/ament_cmake_core/cmake/core/package_xml_2_cmake.py
[0.428s]   /home/tunotuno/robocon_ws/src/joy_package/package.xml
[0.428s]   /home/tunotuno/robocon_ws/src/joy_package/build/joy_package/ament_cmake_core/package.cmake)
[0.428s]   returned error code 1
[0.428s] Call Stack (most recent call first):
[0.428s]   /opt/ros/humble/share/ament_cmake_core/cmake/core/ament_package_xml.cmake:49 (_ament_package_xml)
[0.428s]   /opt/ros/humble/share/ament_lint_auto/cmake/ament_lint_auto_find_test_dependencies.cmake:31 (ament_package_xml)
[0.428s]   CMakeLists.txt:40 (ament_lint_auto_find_test_dependencies)
[0.428s] 
[0.428s] [0m
[0.428s] -- Configuring incomplete, errors occurred!
[0.428s] See also "/home/tunotuno/robocon_ws/src/joy_package/build/joy_package/CMakeFiles/CMakeOutput.log".
[0.437s] Invoked command in '/home/tunotuno/robocon_ws/src/joy_package/build/joy_package' returned '1': /usr/bin/cmake /home/tunotuno/robocon_ws/src/joy_package -DCMAKE_INSTALL_PREFIX=/home/tunotuno/robocon_ws/src/joy_package/install/joy_package
